TN:
SF:src/js/todo-operations.js
FN:3,(anonymous_0)
FN:4,(anonymous_1)
FN:7,(anonymous_2)
FN:16,(anonymous_3)
FN:22,(anonymous_4)
FN:23,(anonymous_5)
FN:33,(anonymous_6)
FN:36,(anonymous_7)
FNF:8
FNH:8
FNDA:1,(anonymous_0)
FNDA:1,(anonymous_1)
FNDA:1,(anonymous_2)
FNDA:1,(anonymous_3)
FNDA:1,(anonymous_4)
FNDA:1,(anonymous_5)
FNDA:1,(anonymous_6)
FNDA:2,(anonymous_7)
DA:1,1
DA:3,1
DA:4,1
DA:5,1
DA:7,1
DA:8,1
DA:9,1
DA:12,1
DA:13,1
DA:16,1
DA:17,1
DA:18,1
DA:19,1
DA:22,1
DA:23,1
DA:24,1
DA:25,1
DA:28,1
DA:30,1
DA:33,1
DA:34,1
DA:36,1
DA:37,2
DA:40,1
LF:24
LH:24
BRDA:34,0,0,0
BRDA:34,0,1,1
BRF:2
BRH:1
end_of_record
